  15-1.c
  15-2.c
  15-3.c
  15-4.c
  15-5.c
  15-6.c
  15-1.1.c
  15-3.1.c
D:\Study\HonGong\HonGong\15-1\15-3.1.c(11,9): warning C4477: 'printf' : 서식 문자열 '%u'에 'unsigned int' 형식의 인수가 필요하지만 variadic 인수 1의 형식이 'char **'입니다.
D:\Study\HonGong\HonGong\15-1\15-3.1.c(12,9): warning C4477: 'printf' : 서식 문자열 '%u'에 'unsigned int' 형식의 인수가 필요하지만 variadic 인수 1의 형식이 'char **'입니다.
D:\Study\HonGong\HonGong\15-1\15-3.1.c(13,9): warning C4477: 'printf' : 서식 문자열 '%14u'에 'unsigned int' 형식의 인수가 필요하지만 variadic 인수 1의 형식이 'char **'입니다.
D:\Study\HonGong\HonGong\15-1\15-3.1.c(16,9): warning C4477: 'printf' : 서식 문자열 '%u'에 'unsigned int' 형식의 인수가 필요하지만 variadic 인수 1의 형식이 'char **'입니다.
D:\Study\HonGong\HonGong\15-1\15-3.1.c(17,9): warning C4477: 'printf' : 서식 문자열 '%u'에 'unsigned int' 형식의 인수가 필요하지만 variadic 인수 1의 형식이 'char **'입니다.
D:\Study\HonGong\HonGong\15-1\15-3.1.c(18,9): warning C4477: 'printf' : 서식 문자열 '%u'에 'unsigned int' 형식의 인수가 필요하지만 variadic 인수 1의 형식이 'char **'입니다.
D:\Study\HonGong\HonGong\15-1\15-3.1.c(22,9): warning C4477: 'printf' : 서식 문자열 '%u'에 'unsigned int' 형식의 인수가 필요하지만 variadic 인수 1의 형식이 'char *'입니다.
  FileName.c
  확인문제2.c
  확인문제1.c
  코드를 생성하고 있습니다...
  15-1.vcxproj -> D:\Study\HonGong\HonGong\15-1\Debug\15-1.exe
